Script started: 2025-10-28 11:09:55
Starting session...
Session user_id: 20251
Including db.php...
Preparing statement...
Executing with user_id: 20251
Script started: 2025-10-28 11:09:55
Starting session...
Session user_id: 20251
Including db.php...
Preparing statement...
Executing with user_id: 20251
Query success. Rows: 2
Script started: 2025-10-28 11:10:23
Starting session...
Session user_id: 20251
Including db.php...
Preparing statement...
Executing with user_id: 20251
Query success. Rows: 2
Script started: 2025-10-28 11:10:31
Starting session...
Session user_id: 20251
Including db.php...
Preparing statement...
Executing with user_id: 20251
Query success. Rows: 2
Script started: 2025-10-28 11:10:31
Starting session...
Session user_id: 20251
Including db.php...
Preparing statement...
Executing with user_id: 20251
Query success. Rows: 2
Script started: 2025-10-28 11:10:35
Starting session...
Session user_id: 20252
Including db.php...
Preparing statement...
Executing with user_id: 20252
Query success. Rows: 2
Script started: 2025-10-28 11:10:35
Starting session...
Session user_id: 20252
Including db.php...
Preparing statement...
Executing with user_id: 20252
Query success. Rows: 2
Script started: 2025-10-28 11:10:41
Starting session...
Session user_id: 20252
Including db.php...
Preparing statement...
Executing with user_id: 20252
Query success. Rows: 2
Script started: 2025-10-28 11:10:41
Starting session...
Session user_id: 20252
Including db.php...
Preparing statement...
Executing with user_id: 20252
Query success. Rows: 2
Script started: 2025-10-28 11:10:46
Starting session...
Session user_id: 20252
Including db.php...
Preparing statement...
Executing with user_id: 20252
Query success. Rows: 2
-28 11:10:46
Starting session...
Session user_id: 20252
Including db.php...
Preparing statement...
Executing with user_id: 20252
Query success. Rows: 2
Script started: 2025-10-28 11:11:17
Starting session...
Session user_id: 20252
Including db.php...
Preparing statement...
Executing with user_id: 20252
Query success. Rows: 3
Script started: 2025-10-28 11:11:53
Starting session...
Session user_id: 20251
Including db.php...
Preparing statement...
Executing with user_id: 20251
Query success. Rows: 2
Script started: 2025-10-28 11:11:53
Starting session...
Session user_id: 20251
Including db.php...
Preparing statement...
Executing with user_id: 20251
Query success. Rows: 2
