[28-Oct-2025 12:42:18 Europe/Berlin] === get_deanPendingSubmissions.php START ===
[28-Oct-2025 12:42:18 Europe/Berlin] Session started. user_id: 20254, role: Dean
[28-Oct-2025 12:42:18 Europe/Berlin] Dean ID: 20254
[28-Oct-2025 12:42:18 Europe/Berlin] Database connected successfully
[28-Oct-2025 12:42:18 Europe/Berlin] === get_deanPendingSubmissions.php START ===
[28-Oct-2025 12:42:18 Europe/Berlin] Query executed. Found 9 submissions
[28-Oct-2025 12:42:18 Europe/Berlin] === get_deanPendingSubmissions.php END ===

[28-Oct-2025 12:42:18 Europe/Berlin] Session started. user_id: 20254, role: Dean
[28-Oct-2025 12:42:18 Europe/Berlin] Dean ID: 20254
[28-Oct-2025 12:42:18 Europe/Berlin] Database connected successfully
[28-Oct-2025 12:42:18 Europe/Berlin] Query executed. Found 9 submissions
[28-Oct-2025 12:42:18 Europe/Berlin] === get_deanPendingSubmissions.php END ===

[28-Oct-2025 12:42:25 Europe/Berlin] === get_deanPendingSubmissions.php START ===
[28-Oct-2025 12:42:25 Europe/Berlin] Session started. user_id: 20254, role: Dean
[28-Oct-2025 12:42:25 Europe/Berlin] Dean ID: 20254
[28-Oct-2025 12:42:25 Europe/Berlin] Database connected successfully
[28-Oct-2025 12:42:25 Europe/Berlin] Query executed. Found 9 submissions
[28-Oct-2025 12:42:25 Europe/Berlin] === get_deanPendingSubmissions.php END ===

[28-Oct-2025 12:42:25 Europe/Berlin] === get_deanPendingSubmissions.php START ===
[28-Oct-2025 12:42:25 Europe/Berlin] Session started. user_id: 20254, role: Dean
[28-Oct-2025 12:42:25 Europe/Berlin] Dean ID: 20254
[28-Oct-2025 12:42:25 Europe/Berlin] Database connected successfully
[28-Oct-2025 12:42:25 Europe/Berlin] Query executed. Found 9 submissions
[28-Oct-2025 12:42:25 Europe/Berlin] === get_deanPendingSubmissions.php END ===

[28-Oct-2025 12:42:26 Europe/Berlin] === get_deanPendingSubmissions.php START ===
[28-Oct-2025 12:42:26 Europe/Berlin] Session started. user_id: 20254, role: Dean
[28-Oct-2025 12:42:26 Europe/Berlin] Dean ID: 20254
[28-Oct-2025 12:42:26 Europe/Berlin] Database connected successfully
[28-Oct-2025 12:42:26 Europe/Berlin] Query executed. Found 9 submissions
[28-Oct-2025 12:42:26 Europe/Berlin] === get_deanPendingSubmissions.php END ===

[28-Oct-2025 12:42:26 Europe/Berlin] === get_deanPendingSubmissions.php START ===
[28-Oct-2025 12:42:26 Europe/Berlin] Session started. user_id: 20254, role: Dean
[28-Oct-2025 12:42:26 Europe/Berlin] Dean ID: 20254
[28-Oct-2025 12:42:26 Europe/Berlin] Database connected successfully
[28-Oct-2025 12:42:26 Europe/Berlin] Query executed. Found 9 submissions
[28-Oct-2025 12:42:26 Europe/Berlin] === get_deanPendingSubmissions.php END ===

[28-Oct-2025 13:24:42 Europe/Berlin] === get_deanPendingSubmissions.php START ===
[28-Oct-2025 13:24:42 Europe/Berlin] Dean ID: 20254
[28-Oct-2025 13:24:42 Europe/Berlin] Database connected
[28-Oct-2025 13:24:42 Europe/Berlin] Found 10 submissions
[28-Oct-2025 13:24:42 Europe/Berlin] === get_deanPendingSubmissions.php END ===

[28-Oct-2025 13:24:48 Europe/Berlin] === get_deanPendingSubmissions.php START ===
[28-Oct-2025 13:24:48 Europe/Berlin] Dean ID: 20254
[28-Oct-2025 13:24:48 Europe/Berlin] Database connected
[28-Oct-2025 13:24:48 Europe/Berlin] Found 10 submissions
[28-Oct-2025 13:24:48 Europe/Berlin] === get_deanPendingSubmissions.php END ===

[28-Oct-2025 13:25:17 Europe/Berlin] === get_deanPendingSubmissions.php START ===
[28-Oct-2025 13:25:17 Europe/Berlin] Dean ID: 20254
[28-Oct-2025 13:25:17 Europe/Berlin] Database connected
[28-Oct-2025 13:25:17 Europe/Berlin] Found 10 submissions
[28-Oct-2025 13:25:17 Europe/Berlin] === get_deanPendingSubmissions.php END ===

[28-Oct-2025 13:25:17 Europe/Berlin] === get_deanPendingSubmissions.php START ===
[28-Oct-2025 13:25:17 Europe/Berlin] Dean ID: 20254
[28-Oct-2025 13:25:17 Europe/Berlin] Database connected
[28-Oct-2025 13:25:17 Europe/Berlin] Found 10 submissions
[28-Oct-2025 13:25:17 Europe/Berlin] === get_deanPendingSubmissions.php END ===

[28-Oct-2025 13:26:00 Europe/Berlin] === get_deanPendingSubmissions.php START ===
[28-Oct-2025 13:26:00 Europe/Berlin] Dean ID: 20254
[28-Oct-2025 13:26:00 Europe/Berlin] Database connected
[28-Oct-2025 13:26:00 Europe/Berlin] Found 10 submissions
[28-Oct-2025 13:26:00 Europe/Berlin] === get_deanPendingSubmissions.php END ===

[28-Oct-2025 13:26:00 Europe/Berlin] === get_deanPendingSubmissions.php START ===
[28-Oct-2025 13:26:00 Europe/Berlin] Dean ID: 20254
[28-Oct-2025 13:26:00 Europe/Berlin] Database connected
[28-Oct-2025 13:26:00 Europe/Berlin] Found 10 submissions
[28-Oct-2025 13:26:00 Europe/Berlin] === get_deanPendingSubmissions.php END ===

[28-Oct-2025 13:29:06 Europe/Berlin] === get_deanPendingSubmissions.php START ===
[28-Oct-2025 13:29:06 Europe/Berlin] Dean ID: 20254
[28-Oct-2025 13:29:06 Europe/Berlin] Database connected
[28-Oct-2025 13:29:06 Europe/Berlin] Found 10 submissions
[28-Oct-2025 13:29:06 Europe/Berlin] === get_deanPendingSubmissions.php END ===

[28-Oct-2025 13:29:06 Europe/Berlin] === get_deanPendingSubmissions.php START ===
[28-Oct-2025 13:29:06 Europe/Berlin] Dean ID: 20254
[28-Oct-2025 13:29:06 Europe/Berlin] Database connected
[28-Oct-2025 13:29:06 Europe/Berlin] Found 10 submissions
[28-Oct-2025 13:29:06 Europe/Berlin] === get_deanPendingSubmissions.php END ===

[28-Oct-2025 13:30:20 Europe/Berlin] === get_deanPendingSubmissions.php START ===
[28-Oct-2025 13:30:20 Europe/Berlin] Dean ID: 20254
[28-Oct-2025 13:30:20 Europe/Berlin] Database connected
[28-Oct-2025 13:30:20 Europe/Berlin] Found 10 submissions
[28-Oct-2025 13:30:20 Europe/Berlin] === get_deanPendingSubmissions.php END ===

[28-Oct-2025 13:30:20 Europe/Berlin] === get_deanPendingSubmissions.php START ===
[28-Oct-2025 13:30:20 Europe/Berlin] Dean ID: 20254
[28-Oct-2025 13:30:20 Europe/Berlin] Database connected
[28-Oct-2025 13:30:20 Europe/Berlin] Found 10 submissions
[28-Oct-2025 13:30:20 Europe/Berlin] === get_deanPendingSubmissions.php END ===

[28-Oct-2025 13:30:50 Europe/Berlin] === get_deanPendingSubmissions.php START ===
[28-Oct-2025 13:30:50 Europe/Berlin] Dean ID: 20254
[28-Oct-2025 13:30:50 Europe/Berlin] Database connected
[28-Oct-2025 13:30:50 Europe/Berlin] Found 10 submissions
[28-Oct-2025 13:30:50 Europe/Berlin] === get_deanPendingSubmissions.php END ===

[28-Oct-2025 13:30:50 Europe/Berlin] === get_deanPendingSubmissions.php START ===
[28-Oct-2025 13:30:50 Europe/Berlin] Dean ID: 20254
[28-Oct-2025 13:30:50 Europe/Berlin] Database connected
[28-Oct-2025 13:30:50 Europe/Berlin] Found 10 submissions
[28-Oct-2025 13:30:50 Europe/Berlin] === get_deanPendingSubmissions.php END ===

[28-Oct-2025 13:33:13 Europe/Berlin] === get_deanPendingSubmissions.php START ===
[28-Oct-2025 13:33:13 Europe/Berlin] Dean ID: 20254
[28-Oct-2025 13:33:13 Europe/Berlin] Database connected successfully.
[28-Oct-2025 13:33:13 Europe/Berlin] Fetched 10 rows.
[28-Oct-2025 13:33:13 Europe/Berlin] === get_deanPendingSubmissions.php END ===

[28-Oct-2025 13:33:13 Europe/Berlin] === get_deanPendingSubmissions.php START ===
[28-Oct-2025 13:33:13 Europe/Berlin] Dean ID: 20254
[28-Oct-2025 13:33:13 Europe/Berlin] Database connected successfully.
[28-Oct-2025 13:33:13 Europe/Berlin] Fetched 10 rows.
[28-Oct-2025 13:33:13 Europe/Berlin] === get_deanPendingSubmissions.php END ===

[28-Oct-2025 13:37:00 Europe/Berlin] === get_deanPendingSubmissions.php START ===
[28-Oct-2025 13:37:00 Europe/Berlin] Dean ID: 20254
[28-Oct-2025 13:37:00 Europe/Berlin] Database connected successfully.
[28-Oct-2025 13:37:00 Europe/Berlin] Fetched 10 rows.
[28-Oct-2025 13:37:00 Europe/Berlin] === get_deanPendingSubmissions.php END ===

[28-Oct-2025 13:37:00 Europe/Berlin] === get_deanPendingSubmissions.php START ===
[28-Oct-2025 13:37:00 Europe/Berlin] Dean ID: 20254
[28-Oct-2025 13:37:00 Europe/Berlin] Database connected successfully.
[28-Oct-2025 13:37:00 Europe/Berlin] Fetched 10 rows.
[28-Oct-2025 13:37:00 Europe/Berlin] === get_deanPendingSubmissions.php END ===

[28-Oct-2025 13:38:02 Europe/Berlin] === get_deanPendingSubmissions.php START ===
[28-Oct-2025 13:38:02 Europe/Berlin] Dean ID: 20254
[28-Oct-2025 13:38:02 Europe/Berlin] Database connected.
[28-Oct-2025 13:38:02 Europe/Berlin] Fetched 10 rows.
[28-Oct-2025 13:38:02 Europe/Berlin] === get_deanPendingSubmissions.php END ===

[28-Oct-2025 13:38:02 Europe/Berlin] === get_deanPendingSubmissions.php START ===
[28-Oct-2025 13:38:02 Europe/Berlin] Dean ID: 20254
[28-Oct-2025 13:38:02 Europe/Berlin] Database connected.
[28-Oct-2025 13:38:02 Europe/Berlin] Fetched 10 rows.
[28-Oct-2025 13:38:02 Europe/Berlin] === get_deanPendingSubmissions.php END ===

[28-Oct-2025 13:39:23 Europe/Berlin] === get_deanPendingSubmissions.php START ===
[28-Oct-2025 13:39:23 Europe/Berlin] Dean ID: 20254
[28-Oct-2025 13:39:23 Europe/Berlin] Database connected.
[28-Oct-2025 13:39:23 Europe/Berlin] Fetched 10 rows.
[28-Oct-2025 13:39:23 Europe/Berlin] === get_deanPendingSubmissions.php END ===

[28-Oct-2025 13:39:23 Europe/Berlin] === get_deanPendingSubmissions.php START ===
[28-Oct-2025 13:39:23 Europe/Berlin] Dean ID: 20254
[28-Oct-2025 13:39:23 Europe/Berlin] Database connected.
[28-Oct-2025 13:39:23 Europe/Berlin] Fetched 10 rows.
[28-Oct-2025 13:39:23 Europe/Berlin] === get_deanPendingSubmissions.php END ===

[28-Oct-2025 13:39:26 Europe/Berlin] === get_deanPendingSubmissions.php START ===
[28-Oct-2025 13:39:26 Europe/Berlin] Dean ID: 20254
[28-Oct-2025 13:39:26 Europe/Berlin] Database connected.
[28-Oct-2025 13:39:26 Europe/Berlin] Fetched 10 rows.
[28-Oct-2025 13:39:26 Europe/Berlin] === get_deanPendingSubmissions.php END ===

[28-Oct-2025 13:39:26 Europe/Berlin] === get_deanPendingSubmissions.php START ===
[28-Oct-2025 13:39:26 Europe/Berlin] Dean ID: 20254
[28-Oct-2025 13:39:26 Europe/Berlin] Database connected.
[28-Oct-2025 13:39:26 Europe/Berlin] Fetched 10 rows.
[28-Oct-2025 13:39:26 Europe/Berlin] === get_deanPendingSubmissions.php END ===

[28-Oct-2025 13:40:42 Europe/Berlin] === get_deanPendingSubmissions.php START ===
[28-Oct-2025 13:40:42 Europe/Berlin] Dean ID: 20254
[28-Oct-2025 13:40:42 Europe/Berlin] === get_deanPendingSubmissions.php START ===
[28-Oct-2025 13:40:42 Europe/Berlin] Database connected.
[28-Oct-2025 13:40:42 Europe/Berlin] Fetched 10 rows.
[28-Oct-2025 13:40:42 Europe/Berlin] === get_deanPendingSubmissions.php END ===

[28-Oct-2025 13:40:42 Europe/Berlin] Dean ID: 20254
[28-Oct-2025 13:40:42 Europe/Berlin] Database connected.
[28-Oct-2025 13:40:42 Europe/Berlin] Fetched 10 rows.
[28-Oct-2025 13:40:42 Europe/Berlin] === get_deanPendingSubmissions.php END ===

